[10.02.2015 21:34:26,182] [AWT-EventQueue-0] INFO  fyp.DiseaseGenesIdentifier  - The total volume of the [50] boxes is [74.63176531699924] cubic metres.
[10.02.2015 21:38:52,232] [AWT-EventQueue-0] INFO  fyp.DiseaseGenesIdentifier  - The total volume of the [50] boxes is [74.63176531699924] cubic metres.
[10.02.2015 21:38:52,397] [AWT-EventQueue-0] INFO  fyp.DiseaseGenesIdentifier  - The optimal number of lorries needed is [15]
[10.02.2015 21:38:52,403] [AWT-EventQueue-0] INFO  fyp.DiseaseGenesIdentifier  - Number of evolutions [0]
[10.02.2015 21:41:53,725] [AWT-EventQueue-0] INFO  fyp.DiseaseGenesIdentifier  - The total volume of the [50] boxes is [74.63176531699924] cubic metres.
[10.02.2015 21:41:53,866] [AWT-EventQueue-0] INFO  fyp.DiseaseGenesIdentifier  - The optimal number of lorries needed is [15]
[10.02.2015 21:41:53,871] [AWT-EventQueue-0] INFO  fyp.DiseaseGenesIdentifier  - Number of evolutions [0]
[11.02.2015 05:22:38,836] [AWT-EventQueue-0] INFO  fyp.DiseaseGenesIdentifier  - The total volume of the [50] boxes is [74.63176531699924] cubic metres.
[11.02.2015 05:22:40,358] [AWT-EventQueue-0] INFO  fyp.DiseaseGenesIdentifier  - The optimal number of lorries needed is [75]
[11.02.2015 05:22:40,369] [AWT-EventQueue-0] INFO  fyp.DiseaseGenesIdentifier  - Number of evolutions [0]
[11.02.2015 05:22:49,253] [AWT-EventQueue-0] INFO  fyp.DiseaseGenesIdentifier  - Number of evolutions [150]
[11.02.2015 05:22:55,302] [AWT-EventQueue-0] INFO  fyp.DiseaseGenesIdentifier  - Number of evolutions [300]
[11.02.2015 05:23:02,819] [AWT-EventQueue-0] INFO  fyp.DiseaseGenesIdentifier  - Number of evolutions [450]
[11.02.2015 05:23:07,900] [AWT-EventQueue-0] INFO  fyp.DiseaseGenesIdentifier  - Number of evolutions [600]
[11.02.2015 05:23:11,911] [AWT-EventQueue-0] INFO  fyp.DiseaseGenesIdentifier  - Number of evolutions [750]
[11.02.2015 05:23:17,347] [AWT-EventQueue-0] INFO  fyp.DiseaseGenesIdentifier  - Number of evolutions [900]
[11.02.2015 05:23:22,615] [AWT-EventQueue-0] INFO  fyp.DiseaseGenesIdentifier  - Number of evolutions [1050]
[11.02.2015 05:23:28,459] [AWT-EventQueue-0] INFO  fyp.DiseaseGenesIdentifier  - Number of evolutions [1200]
[11.02.2015 05:23:33,314] [AWT-EventQueue-0] INFO  fyp.DiseaseGenesIdentifier  - Number of evolutions [1350]
[11.02.2015 05:23:38,767] [AWT-EventQueue-0] INFO  fyp.DiseaseGenesIdentifier  - Number of evolutions [1500]
[11.02.2015 05:23:42,735] [AWT-EventQueue-0] INFO  fyp.DiseaseGenesIdentifier  - Number of evolutions [1650]
[11.02.2015 05:23:48,957] [AWT-EventQueue-0] INFO  fyp.DiseaseGenesIdentifier  - Number of evolutions [1800]
[11.02.2015 05:23:53,357] [AWT-EventQueue-0] INFO  fyp.DiseaseGenesIdentifier  - Number of evolutions [1950]
[11.02.2015 05:23:57,489] [AWT-EventQueue-0] INFO  fyp.DiseaseGenesIdentifier  - Number of evolutions [2100]
[11.02.2015 05:24:04,153] [AWT-EventQueue-0] INFO  fyp.DiseaseGenesIdentifier  - Number of evolutions [2250]
[11.02.2015 05:24:10,728] [AWT-EventQueue-0] INFO  fyp.DiseaseGenesIdentifier  - Number of evolutions [2400]
[11.02.2015 05:24:19,058] [AWT-EventQueue-0] INFO  fyp.DiseaseGenesIdentifier  - Number of evolutions [2550]
[11.02.2015 05:24:23,858] [AWT-EventQueue-0] INFO  fyp.DiseaseGenesIdentifier  - Number of evolutions [2700]
[11.02.2015 05:24:30,113] [AWT-EventQueue-0] INFO  fyp.DiseaseGenesIdentifier  - Number of evolutions [2850]
[11.02.2015 05:24:37,642] [AWT-EventQueue-0] INFO  fyp.DiseaseGenesIdentifier  - Number of evolutions [3000]
[11.02.2015 05:24:44,515] [AWT-EventQueue-0] INFO  fyp.DiseaseGenesIdentifier  - Number of evolutions [3150]
[11.02.2015 05:24:49,327] [AWT-EventQueue-0] INFO  fyp.DiseaseGenesIdentifier  - Number of evolutions [3300]
[11.02.2015 05:24:56,394] [AWT-EventQueue-0] INFO  fyp.DiseaseGenesIdentifier  - Number of evolutions [3450]
[11.02.2015 05:25:00,989] [AWT-EventQueue-0] INFO  fyp.DiseaseGenesIdentifier  - Number of evolutions [3600]
[11.02.2015 05:25:07,860] [AWT-EventQueue-0] INFO  fyp.DiseaseGenesIdentifier  - Number of evolutions [3750]
[11.02.2015 05:25:13,519] [AWT-EventQueue-0] INFO  fyp.DiseaseGenesIdentifier  - Number of evolutions [3900]
[11.02.2015 05:25:20,488] [AWT-EventQueue-0] INFO  fyp.DiseaseGenesIdentifier  - Number of evolutions [4050]
[11.02.2015 05:25:26,573] [AWT-EventQueue-0] INFO  fyp.DiseaseGenesIdentifier  - Number of evolutions [4200]
[11.02.2015 05:25:35,679] [AWT-EventQueue-0] INFO  fyp.DiseaseGenesIdentifier  - Number of evolutions [4350]
[11.02.2015 05:25:42,099] [AWT-EventQueue-0] INFO  fyp.DiseaseGenesIdentifier  - Number of evolutions [4500]
[11.02.2015 05:25:50,341] [AWT-EventQueue-0] INFO  fyp.DiseaseGenesIdentifier  - Number of evolutions [4650]
[11.02.2015 05:25:55,083] [AWT-EventQueue-0] INFO  fyp.DiseaseGenesIdentifier  - Number of evolutions [4800]
[11.02.2015 05:26:03,139] [AWT-EventQueue-0] INFO  fyp.DiseaseGenesIdentifier  - Number of evolutions [4950]
[11.02.2015 05:28:20,826] [AWT-EventQueue-0] INFO  fyp.DiseaseGenesIdentifier  - The total volume of the [50] boxes is [74.63176531699924] cubic metres.
[11.02.2015 05:28:21,003] [AWT-EventQueue-0] INFO  fyp.DiseaseGenesIdentifier  - The optimal number of lorries needed is [38]
[11.02.2015 05:28:21,009] [AWT-EventQueue-0] INFO  fyp.DiseaseGenesIdentifier  - Number of evolutions [0]
[11.02.2015 05:28:28,356] [AWT-EventQueue-0] INFO  fyp.DiseaseGenesIdentifier  - Number of evolutions [150]
[11.02.2015 05:28:32,985] [AWT-EventQueue-0] INFO  fyp.DiseaseGenesIdentifier  - Number of evolutions [300]
[11.02.2015 05:28:38,084] [AWT-EventQueue-0] INFO  fyp.DiseaseGenesIdentifier  - Number of evolutions [450]
[11.02.2015 05:28:46,988] [AWT-EventQueue-0] INFO  fyp.DiseaseGenesIdentifier  - Number of evolutions [600]
[11.02.2015 05:28:55,734] [AWT-EventQueue-0] INFO  fyp.DiseaseGenesIdentifier  - Number of evolutions [750]
[11.02.2015 05:29:04,958] [AWT-EventQueue-0] INFO  fyp.DiseaseGenesIdentifier  - Number of evolutions [900]
[11.02.2015 05:29:14,950] [AWT-EventQueue-0] INFO  fyp.DiseaseGenesIdentifier  - Number of evolutions [1050]
[11.02.2015 05:29:23,406] [AWT-EventQueue-0] INFO  fyp.DiseaseGenesIdentifier  - Number of evolutions [1200]
[11.02.2015 05:29:27,911] [AWT-EventQueue-0] INFO  fyp.DiseaseGenesIdentifier  - Number of evolutions [1350]
[11.02.2015 05:29:38,062] [AWT-EventQueue-0] INFO  fyp.DiseaseGenesIdentifier  - Number of evolutions [1500]
[11.02.2015 05:29:47,894] [AWT-EventQueue-0] INFO  fyp.DiseaseGenesIdentifier  - Number of evolutions [1650]
[11.02.2015 05:29:57,371] [AWT-EventQueue-0] INFO  fyp.DiseaseGenesIdentifier  - Number of evolutions [1800]
[11.02.2015 05:30:06,838] [AWT-EventQueue-0] INFO  fyp.DiseaseGenesIdentifier  - Number of evolutions [1950]
[11.02.2015 05:30:15,611] [AWT-EventQueue-0] INFO  fyp.DiseaseGenesIdentifier  - Number of evolutions [2100]
[11.02.2015 05:30:23,847] [AWT-EventQueue-0] INFO  fyp.DiseaseGenesIdentifier  - Number of evolutions [2250]
[11.02.2015 05:30:32,028] [AWT-EventQueue-0] INFO  fyp.DiseaseGenesIdentifier  - Number of evolutions [2400]
[11.02.2015 05:30:40,251] [AWT-EventQueue-0] INFO  fyp.DiseaseGenesIdentifier  - Number of evolutions [2550]
[11.02.2015 05:30:48,631] [AWT-EventQueue-0] INFO  fyp.DiseaseGenesIdentifier  - Number of evolutions [2700]
[11.02.2015 05:30:59,218] [AWT-EventQueue-0] INFO  fyp.DiseaseGenesIdentifier  - Number of evolutions [2850]
[11.02.2015 05:31:09,746] [AWT-EventQueue-0] INFO  fyp.DiseaseGenesIdentifier  - Number of evolutions [3000]
[11.02.2015 05:31:19,452] [AWT-EventQueue-0] INFO  fyp.DiseaseGenesIdentifier  - Number of evolutions [3150]
[11.02.2015 05:31:26,554] [AWT-EventQueue-0] INFO  fyp.DiseaseGenesIdentifier  - Number of evolutions [3300]
[11.02.2015 05:31:34,217] [AWT-EventQueue-0] INFO  fyp.DiseaseGenesIdentifier  - Number of evolutions [3450]
[11.02.2015 05:31:41,874] [AWT-EventQueue-0] INFO  fyp.DiseaseGenesIdentifier  - Number of evolutions [3600]
[11.02.2015 05:31:49,035] [AWT-EventQueue-0] INFO  fyp.DiseaseGenesIdentifier  - Number of evolutions [3750]
[11.02.2015 05:31:56,086] [AWT-EventQueue-0] INFO  fyp.DiseaseGenesIdentifier  - Number of evolutions [3900]
[11.02.2015 05:31:59,645] [AWT-EventQueue-0] INFO  fyp.DiseaseGenesIdentifier  - Number of evolutions [4050]
[11.02.2015 05:32:05,965] [AWT-EventQueue-0] INFO  fyp.DiseaseGenesIdentifier  - Number of evolutions [4200]
[11.02.2015 05:32:14,347] [AWT-EventQueue-0] INFO  fyp.DiseaseGenesIdentifier  - Number of evolutions [4350]
[11.02.2015 05:32:21,826] [AWT-EventQueue-0] INFO  fyp.DiseaseGenesIdentifier  - Number of evolutions [4500]
[11.02.2015 05:32:28,110] [AWT-EventQueue-0] INFO  fyp.DiseaseGenesIdentifier  - Number of evolutions [4650]
[11.02.2015 05:32:33,267] [AWT-EventQueue-0] INFO  fyp.DiseaseGenesIdentifier  - Number of evolutions [4800]
[11.02.2015 05:32:38,975] [AWT-EventQueue-0] INFO  fyp.DiseaseGenesIdentifier  - Number of evolutions [4950]
[11.02.2015 05:35:52,010] [AWT-EventQueue-0] INFO  fyp.DiseaseGenesIdentifier  - The total volume of the [50] boxes is [74.63176531699924] cubic metres.
[11.02.2015 05:35:52,081] [AWT-EventQueue-0] INFO  fyp.DiseaseGenesIdentifier  - The optimal number of lorries needed is [19]
[11.02.2015 05:35:52,085] [AWT-EventQueue-0] INFO  fyp.DiseaseGenesIdentifier  - Number of evolutions [0]
[11.02.2015 05:36:40,050] [AWT-EventQueue-0] INFO  fyp.DiseaseGenesIdentifier  - The total volume of the [50] boxes is [74.63176531699924] cubic metres.
[11.02.2015 05:36:40,154] [AWT-EventQueue-0] INFO  fyp.DiseaseGenesIdentifier  - The optimal number of lorries needed is [25]
[11.02.2015 05:36:40,158] [AWT-EventQueue-0] INFO  fyp.DiseaseGenesIdentifier  - Number of evolutions [0]
[11.02.2015 05:36:45,746] [AWT-EventQueue-0] INFO  fyp.DiseaseGenesIdentifier  - Number of evolutions [150]
[11.02.2015 05:36:51,005] [AWT-EventQueue-0] INFO  fyp.DiseaseGenesIdentifier  - Number of evolutions [300]
[11.02.2015 05:36:55,899] [AWT-EventQueue-0] INFO  fyp.DiseaseGenesIdentifier  - Number of evolutions [450]
[11.02.2015 05:37:00,761] [AWT-EventQueue-0] INFO  fyp.DiseaseGenesIdentifier  - Number of evolutions [600]
[11.02.2015 05:37:05,843] [AWT-EventQueue-0] INFO  fyp.DiseaseGenesIdentifier  - Number of evolutions [750]
[11.02.2015 05:37:10,613] [AWT-EventQueue-0] INFO  fyp.DiseaseGenesIdentifier  - Number of evolutions [900]
[11.02.2015 05:37:15,647] [AWT-EventQueue-0] INFO  fyp.DiseaseGenesIdentifier  - Number of evolutions [1050]
[11.02.2015 05:37:20,392] [AWT-EventQueue-0] INFO  fyp.DiseaseGenesIdentifier  - Number of evolutions [1200]
[11.02.2015 05:37:25,397] [AWT-EventQueue-0] INFO  fyp.DiseaseGenesIdentifier  - Number of evolutions [1350]
[11.02.2015 05:37:30,192] [AWT-EventQueue-0] INFO  fyp.DiseaseGenesIdentifier  - Number of evolutions [1500]
[11.02.2015 05:37:34,991] [AWT-EventQueue-0] INFO  fyp.DiseaseGenesIdentifier  - Number of evolutions [1650]
[11.02.2015 05:37:39,845] [AWT-EventQueue-0] INFO  fyp.DiseaseGenesIdentifier  - Number of evolutions [1800]
[11.02.2015 05:37:44,682] [AWT-EventQueue-0] INFO  fyp.DiseaseGenesIdentifier  - Number of evolutions [1950]
[11.02.2015 05:37:49,746] [AWT-EventQueue-0] INFO  fyp.DiseaseGenesIdentifier  - Number of evolutions [2100]
[11.02.2015 05:37:54,547] [AWT-EventQueue-0] INFO  fyp.DiseaseGenesIdentifier  - Number of evolutions [2250]
[11.02.2015 05:37:59,444] [AWT-EventQueue-0] INFO  fyp.DiseaseGenesIdentifier  - Number of evolutions [2400]
[11.02.2015 05:38:04,435] [AWT-EventQueue-0] INFO  fyp.DiseaseGenesIdentifier  - Number of evolutions [2550]
[11.02.2015 05:38:09,378] [AWT-EventQueue-0] INFO  fyp.DiseaseGenesIdentifier  - Number of evolutions [2700]
[11.02.2015 05:38:14,167] [AWT-EventQueue-0] INFO  fyp.DiseaseGenesIdentifier  - Number of evolutions [2850]
[11.02.2015 05:38:19,559] [AWT-EventQueue-0] INFO  fyp.DiseaseGenesIdentifier  - Number of evolutions [3000]
[11.02.2015 05:38:31,209] [AWT-EventQueue-0] INFO  fyp.DiseaseGenesIdentifier  - Number of evolutions [3150]
[11.02.2015 05:38:36,124] [AWT-EventQueue-0] INFO  fyp.DiseaseGenesIdentifier  - Number of evolutions [3300]
[11.02.2015 05:38:41,005] [AWT-EventQueue-0] INFO  fyp.DiseaseGenesIdentifier  - Number of evolutions [3450]
[11.02.2015 05:38:46,048] [AWT-EventQueue-0] INFO  fyp.DiseaseGenesIdentifier  - Number of evolutions [3600]
[11.02.2015 05:38:51,191] [AWT-EventQueue-0] INFO  fyp.DiseaseGenesIdentifier  - Number of evolutions [3750]
[11.02.2015 05:38:56,308] [AWT-EventQueue-0] INFO  fyp.DiseaseGenesIdentifier  - Number of evolutions [3900]
[11.02.2015 05:39:01,279] [AWT-EventQueue-0] INFO  fyp.DiseaseGenesIdentifier  - Number of evolutions [4050]
[11.02.2015 05:39:06,281] [AWT-EventQueue-0] INFO  fyp.DiseaseGenesIdentifier  - Number of evolutions [4200]
[11.02.2015 05:39:11,624] [AWT-EventQueue-0] INFO  fyp.DiseaseGenesIdentifier  - Number of evolutions [4350]
[11.02.2015 05:39:16,633] [AWT-EventQueue-0] INFO  fyp.DiseaseGenesIdentifier  - Number of evolutions [4500]
[11.02.2015 05:39:21,685] [AWT-EventQueue-0] INFO  fyp.DiseaseGenesIdentifier  - Number of evolutions [4650]
[11.02.2015 05:39:26,994] [AWT-EventQueue-0] INFO  fyp.DiseaseGenesIdentifier  - Number of evolutions [4800]
[11.02.2015 05:39:32,141] [AWT-EventQueue-0] INFO  fyp.DiseaseGenesIdentifier  - Number of evolutions [4950]
[14.02.2015 08:59:14,622] [AWT-EventQueue-0] INFO  fyp.DiseaseGenesIdentifier  - The total score of the [666] genes is [74.63176531699924]
[14.02.2015 08:59:14,829] [AWT-EventQueue-0] INFO  fyp.DiseaseGenesIdentifier  - The optimal number of solutions needed is [25]
[14.02.2015 08:59:14,836] [AWT-EventQueue-0] INFO  fyp.DiseaseGenesIdentifier  - Number of evolutions [0]
[14.02.2015 08:59:24,071] [AWT-EventQueue-0] INFO  fyp.DiseaseGenesIdentifier  - Number of evolutions [150]
[14.02.2015 08:59:30,644] [AWT-EventQueue-0] INFO  fyp.DiseaseGenesIdentifier  - Number of evolutions [300]
[14.02.2015 08:59:39,246] [AWT-EventQueue-0] INFO  fyp.DiseaseGenesIdentifier  - Number of evolutions [450]
[14.02.2015 08:59:48,346] [AWT-EventQueue-0] INFO  fyp.DiseaseGenesIdentifier  - Number of evolutions [600]
[14.02.2015 08:59:56,531] [AWT-EventQueue-0] INFO  fyp.DiseaseGenesIdentifier  - Number of evolutions [750]
[14.02.2015 09:00:02,368] [AWT-EventQueue-0] INFO  fyp.DiseaseGenesIdentifier  - Number of evolutions [900]
[14.02.2015 09:00:09,825] [AWT-EventQueue-0] INFO  fyp.DiseaseGenesIdentifier  - Number of evolutions [1050]
[14.02.2015 09:00:18,011] [AWT-EventQueue-0] INFO  fyp.DiseaseGenesIdentifier  - Number of evolutions [1200]
[14.02.2015 09:00:25,376] [AWT-EventQueue-0] INFO  fyp.DiseaseGenesIdentifier  - Number of evolutions [1350]
[14.02.2015 09:00:36,494] [AWT-EventQueue-0] INFO  fyp.DiseaseGenesIdentifier  - Number of evolutions [1500]
[14.02.2015 09:00:41,915] [AWT-EventQueue-0] INFO  fyp.DiseaseGenesIdentifier  - Number of evolutions [1650]
[14.02.2015 09:00:46,665] [AWT-EventQueue-0] INFO  fyp.DiseaseGenesIdentifier  - Number of evolutions [1800]
[14.02.2015 09:00:52,950] [AWT-EventQueue-0] INFO  fyp.DiseaseGenesIdentifier  - Number of evolutions [1950]
[14.02.2015 09:01:00,159] [AWT-EventQueue-0] INFO  fyp.DiseaseGenesIdentifier  - Number of evolutions [2100]
[14.02.2015 09:01:07,008] [AWT-EventQueue-0] INFO  fyp.DiseaseGenesIdentifier  - Number of evolutions [2250]
[14.02.2015 09:01:14,983] [AWT-EventQueue-0] INFO  fyp.DiseaseGenesIdentifier  - Number of evolutions [2400]
[14.02.2015 09:01:23,089] [AWT-EventQueue-0] INFO  fyp.DiseaseGenesIdentifier  - Number of evolutions [2550]
[14.02.2015 09:01:29,743] [AWT-EventQueue-0] INFO  fyp.DiseaseGenesIdentifier  - Number of evolutions [2700]
[14.02.2015 09:01:38,155] [AWT-EventQueue-0] INFO  fyp.DiseaseGenesIdentifier  - Number of evolutions [2850]
[14.02.2015 09:01:46,422] [AWT-EventQueue-0] INFO  fyp.DiseaseGenesIdentifier  - Number of evolutions [3000]
[14.02.2015 09:01:53,058] [AWT-EventQueue-0] INFO  fyp.DiseaseGenesIdentifier  - Number of evolutions [3150]
[14.02.2015 09:02:03,534] [AWT-EventQueue-0] INFO  fyp.DiseaseGenesIdentifier  - Number of evolutions [3300]
[14.02.2015 09:02:12,852] [AWT-EventQueue-0] INFO  fyp.DiseaseGenesIdentifier  - Number of evolutions [3450]
[14.02.2015 09:02:21,946] [AWT-EventQueue-0] INFO  fyp.DiseaseGenesIdentifier  - Number of evolutions [3600]
[14.02.2015 09:02:30,772] [AWT-EventQueue-0] INFO  fyp.DiseaseGenesIdentifier  - Number of evolutions [3750]
[14.02.2015 09:02:38,002] [AWT-EventQueue-0] INFO  fyp.DiseaseGenesIdentifier  - Number of evolutions [3900]
[14.02.2015 09:02:46,808] [AWT-EventQueue-0] INFO  fyp.DiseaseGenesIdentifier  - Number of evolutions [4050]
[14.02.2015 09:02:50,832] [AWT-EventQueue-0] INFO  fyp.DiseaseGenesIdentifier  - Number of evolutions [4200]
[14.02.2015 09:02:58,962] [AWT-EventQueue-0] INFO  fyp.DiseaseGenesIdentifier  - Number of evolutions [4350]
[14.02.2015 09:03:03,684] [AWT-EventQueue-0] INFO  fyp.DiseaseGenesIdentifier  - Number of evolutions [4500]
[14.02.2015 09:03:09,150] [AWT-EventQueue-0] INFO  fyp.DiseaseGenesIdentifier  - Number of evolutions [4650]
[14.02.2015 09:03:18,537] [AWT-EventQueue-0] INFO  fyp.DiseaseGenesIdentifier  - Number of evolutions [4800]
[14.02.2015 09:03:25,264] [AWT-EventQueue-0] INFO  fyp.DiseaseGenesIdentifier  - Number of evolutions [4950]
[14.02.2015 09:20:07,280] [AWT-EventQueue-0] INFO  fyp.DiseaseGenesIdentifier  - The total score of the [666] genes is [74.63176531699924]
[14.02.2015 09:20:07,419] [AWT-EventQueue-0] INFO  fyp.DiseaseGenesIdentifier  - The optimal number of solutions needed is [25]
[14.02.2015 09:20:07,424] [AWT-EventQueue-0] INFO  fyp.DiseaseGenesIdentifier  - Number of evolutions [0]
[14.02.2015 09:20:16,395] [AWT-EventQueue-0] INFO  fyp.DiseaseGenesIdentifier  - Number of evolutions [150]
[14.02.2015 09:20:25,364] [AWT-EventQueue-0] INFO  fyp.DiseaseGenesIdentifier  - Number of evolutions [300]
[14.02.2015 09:20:34,387] [AWT-EventQueue-0] INFO  fyp.DiseaseGenesIdentifier  - Number of evolutions [450]
[14.02.2015 09:20:42,631] [AWT-EventQueue-0] INFO  fyp.DiseaseGenesIdentifier  - Number of evolutions [600]
[14.02.2015 09:20:50,589] [AWT-EventQueue-0] INFO  fyp.DiseaseGenesIdentifier  - Number of evolutions [750]
[14.02.2015 09:20:58,272] [AWT-EventQueue-0] INFO  fyp.DiseaseGenesIdentifier  - Number of evolutions [900]
[14.02.2015 09:21:03,153] [AWT-EventQueue-0] INFO  fyp.DiseaseGenesIdentifier  - Number of evolutions [1050]
[14.02.2015 09:21:07,417] [AWT-EventQueue-0] INFO  fyp.DiseaseGenesIdentifier  - Number of evolutions [1200]
[14.02.2015 09:21:11,232] [AWT-EventQueue-0] INFO  fyp.DiseaseGenesIdentifier  - Number of evolutions [1350]
[14.02.2015 09:21:15,598] [AWT-EventQueue-0] INFO  fyp.DiseaseGenesIdentifier  - Number of evolutions [1500]
[14.02.2015 09:21:20,753] [AWT-EventQueue-0] INFO  fyp.DiseaseGenesIdentifier  - Number of evolutions [1650]
[14.02.2015 09:21:25,460] [AWT-EventQueue-0] INFO  fyp.DiseaseGenesIdentifier  - Number of evolutions [1800]
[14.02.2015 09:21:31,768] [AWT-EventQueue-0] INFO  fyp.DiseaseGenesIdentifier  - Number of evolutions [1950]
[14.02.2015 09:21:35,693] [AWT-EventQueue-0] INFO  fyp.DiseaseGenesIdentifier  - Number of evolutions [2100]
[14.02.2015 09:21:40,319] [AWT-EventQueue-0] INFO  fyp.DiseaseGenesIdentifier  - Number of evolutions [2250]
[14.02.2015 09:21:46,252] [AWT-EventQueue-0] INFO  fyp.DiseaseGenesIdentifier  - Number of evolutions [2400]
[14.02.2015 09:21:52,610] [AWT-EventQueue-0] INFO  fyp.DiseaseGenesIdentifier  - Number of evolutions [2550]
[14.02.2015 09:21:56,366] [AWT-EventQueue-0] INFO  fyp.DiseaseGenesIdentifier  - Number of evolutions [2700]
[14.02.2015 09:22:02,459] [AWT-EventQueue-0] INFO  fyp.DiseaseGenesIdentifier  - Number of evolutions [2850]
[14.02.2015 09:22:11,165] [AWT-EventQueue-0] INFO  fyp.DiseaseGenesIdentifier  - Number of evolutions [3000]
[14.02.2015 09:22:16,029] [AWT-EventQueue-0] INFO  fyp.DiseaseGenesIdentifier  - Number of evolutions [3150]
[14.02.2015 09:22:20,380] [AWT-EventQueue-0] INFO  fyp.DiseaseGenesIdentifier  - Number of evolutions [3300]
[14.02.2015 09:22:27,949] [AWT-EventQueue-0] INFO  fyp.DiseaseGenesIdentifier  - Number of evolutions [3450]
[14.02.2015 09:22:32,342] [AWT-EventQueue-0] INFO  fyp.DiseaseGenesIdentifier  - Number of evolutions [3600]
[14.02.2015 09:22:36,986] [AWT-EventQueue-0] INFO  fyp.DiseaseGenesIdentifier  - Number of evolutions [3750]
[14.02.2015 09:22:41,791] [AWT-EventQueue-0] INFO  fyp.DiseaseGenesIdentifier  - Number of evolutions [3900]
[14.02.2015 09:22:46,292] [AWT-EventQueue-0] INFO  fyp.DiseaseGenesIdentifier  - Number of evolutions [4050]
[14.02.2015 09:22:51,118] [AWT-EventQueue-0] INFO  fyp.DiseaseGenesIdentifier  - Number of evolutions [4200]
[14.02.2015 09:22:55,155] [AWT-EventQueue-0] INFO  fyp.DiseaseGenesIdentifier  - Number of evolutions [4350]
[14.02.2015 09:22:59,244] [AWT-EventQueue-0] INFO  fyp.DiseaseGenesIdentifier  - Number of evolutions [4500]
[14.02.2015 09:23:03,475] [AWT-EventQueue-0] INFO  fyp.DiseaseGenesIdentifier  - Number of evolutions [4650]
[14.02.2015 09:23:09,487] [AWT-EventQueue-0] INFO  fyp.DiseaseGenesIdentifier  - Number of evolutions [4800]
[14.02.2015 09:23:18,430] [AWT-EventQueue-0] INFO  fyp.DiseaseGenesIdentifier  - Number of evolutions [4950]
[14.02.2015 09:29:44,311] [AWT-EventQueue-0] INFO  fyp.DiseaseGenesIdentifier  - The total score of the [666] genes is [74.63176531699924]
[14.02.2015 09:29:44,403] [AWT-EventQueue-0] INFO  fyp.DiseaseGenesIdentifier  - The optimal number of solutions needed is [25]
[14.02.2015 09:29:44,409] [AWT-EventQueue-0] INFO  fyp.DiseaseGenesIdentifier  - Number of evolutions [0]
[14.02.2015 09:29:57,205] [AWT-EventQueue-0] INFO  fyp.DiseaseGenesIdentifier  - Number of evolutions [150]
[14.02.2015 09:30:02,314] [AWT-EventQueue-0] INFO  fyp.DiseaseGenesIdentifier  - Number of evolutions [300]
[14.02.2015 09:30:08,905] [AWT-EventQueue-0] INFO  fyp.DiseaseGenesIdentifier  - Number of evolutions [450]
[14.02.2015 09:30:13,449] [AWT-EventQueue-0] INFO  fyp.DiseaseGenesIdentifier  - Number of evolutions [600]
[14.02.2015 09:30:17,562] [AWT-EventQueue-0] INFO  fyp.DiseaseGenesIdentifier  - Number of evolutions [750]
[14.02.2015 09:30:27,996] [AWT-EventQueue-0] INFO  fyp.DiseaseGenesIdentifier  - Number of evolutions [900]
[14.02.2015 09:30:36,418] [AWT-EventQueue-0] INFO  fyp.DiseaseGenesIdentifier  - Number of evolutions [1050]
[14.02.2015 09:30:47,452] [AWT-EventQueue-0] INFO  fyp.DiseaseGenesIdentifier  - Number of evolutions [1200]
[14.02.2015 09:30:57,062] [AWT-EventQueue-0] INFO  fyp.DiseaseGenesIdentifier  - Number of evolutions [1350]
[14.02.2015 09:31:01,389] [AWT-EventQueue-0] INFO  fyp.DiseaseGenesIdentifier  - Number of evolutions [1500]
[14.02.2015 09:31:07,386] [AWT-EventQueue-0] INFO  fyp.DiseaseGenesIdentifier  - Number of evolutions [1650]
[14.02.2015 09:31:13,292] [AWT-EventQueue-0] INFO  fyp.DiseaseGenesIdentifier  - Number of evolutions [1800]
[14.02.2015 09:31:19,031] [AWT-EventQueue-0] INFO  fyp.DiseaseGenesIdentifier  - Number of evolutions [1950]
[14.02.2015 09:31:25,909] [AWT-EventQueue-0] INFO  fyp.DiseaseGenesIdentifier  - Number of evolutions [2100]
[14.02.2015 09:31:35,176] [AWT-EventQueue-0] INFO  fyp.DiseaseGenesIdentifier  - Number of evolutions [2250]
[14.02.2015 09:31:41,011] [AWT-EventQueue-0] INFO  fyp.DiseaseGenesIdentifier  - Number of evolutions [2400]
[14.02.2015 09:31:46,271] [AWT-EventQueue-0] INFO  fyp.DiseaseGenesIdentifier  - Number of evolutions [2550]
[14.02.2015 09:31:54,819] [AWT-EventQueue-0] INFO  fyp.DiseaseGenesIdentifier  - Number of evolutions [2700]
[14.02.2015 09:32:04,461] [AWT-EventQueue-0] INFO  fyp.DiseaseGenesIdentifier  - Number of evolutions [2850]
[14.02.2015 09:32:11,817] [AWT-EventQueue-0] INFO  fyp.DiseaseGenesIdentifier  - Number of evolutions [3000]
[14.02.2015 09:32:21,985] [AWT-EventQueue-0] INFO  fyp.DiseaseGenesIdentifier  - Number of evolutions [3150]
[14.02.2015 09:32:31,029] [AWT-EventQueue-0] INFO  fyp.DiseaseGenesIdentifier  - Number of evolutions [3300]
[14.02.2015 09:32:35,386] [AWT-EventQueue-0] INFO  fyp.DiseaseGenesIdentifier  - Number of evolutions [3450]
[14.02.2015 09:32:38,970] [AWT-EventQueue-0] INFO  fyp.DiseaseGenesIdentifier  - Number of evolutions [3600]
[14.02.2015 09:32:45,157] [AWT-EventQueue-0] INFO  fyp.DiseaseGenesIdentifier  - Number of evolutions [3750]
[14.02.2015 09:32:51,857] [AWT-EventQueue-0] INFO  fyp.DiseaseGenesIdentifier  - Number of evolutions [3900]
[14.02.2015 09:32:58,009] [AWT-EventQueue-0] INFO  fyp.DiseaseGenesIdentifier  - Number of evolutions [4050]
[14.02.2015 09:33:01,743] [AWT-EventQueue-0] INFO  fyp.DiseaseGenesIdentifier  - Number of evolutions [4200]
[14.02.2015 09:33:05,472] [AWT-EventQueue-0] INFO  fyp.DiseaseGenesIdentifier  - Number of evolutions [4350]
[14.02.2015 09:33:09,172] [AWT-EventQueue-0] INFO  fyp.DiseaseGenesIdentifier  - Number of evolutions [4500]
[14.02.2015 09:33:13,362] [AWT-EventQueue-0] INFO  fyp.DiseaseGenesIdentifier  - Number of evolutions [4650]
[14.02.2015 09:33:21,147] [AWT-EventQueue-0] INFO  fyp.DiseaseGenesIdentifier  - Number of evolutions [4800]
[14.02.2015 09:33:28,750] [AWT-EventQueue-0] INFO  fyp.DiseaseGenesIdentifier  - Number of evolutions [4950]
[23.02.2015 12:09:49,839] [AWT-EventQueue-0] INFO  fyp.DiseaseGenesIdentifier  - The total score of the [666] genes is [74.63176531699924]
[23.02.2015 12:09:50,036] [AWT-EventQueue-0] INFO  fyp.DiseaseGenesIdentifier  - The optimal number of solutions needed is [25]
[23.02.2015 12:09:50,036] [AWT-EventQueue-0] INFO  fyp.DiseaseGenesIdentifier  - Number of evolutions [0]
[23.02.2015 12:09:54,976] [AWT-EventQueue-0] INFO  fyp.DiseaseGenesIdentifier  - Number of evolutions [150]
[23.02.2015 12:09:59,278] [AWT-EventQueue-0] INFO  fyp.DiseaseGenesIdentifier  - Number of evolutions [300]
[23.02.2015 12:10:03,890] [AWT-EventQueue-0] INFO  fyp.DiseaseGenesIdentifier  - Number of evolutions [450]
[23.02.2015 12:10:11,173] [AWT-EventQueue-0] INFO  fyp.DiseaseGenesIdentifier  - Number of evolutions [600]
[23.02.2015 12:10:19,736] [AWT-EventQueue-0] INFO  fyp.DiseaseGenesIdentifier  - Number of evolutions [750]
[23.02.2015 12:10:27,530] [AWT-EventQueue-0] INFO  fyp.DiseaseGenesIdentifier  - Number of evolutions [900]
[23.02.2015 12:10:35,740] [AWT-EventQueue-0] INFO  fyp.DiseaseGenesIdentifier  - Number of evolutions [1050]
[23.02.2015 12:10:44,517] [AWT-EventQueue-0] INFO  fyp.DiseaseGenesIdentifier  - Number of evolutions [1200]
[23.02.2015 12:10:52,557] [AWT-EventQueue-0] INFO  fyp.DiseaseGenesIdentifier  - Number of evolutions [1350]
[23.02.2015 12:11:00,939] [AWT-EventQueue-0] INFO  fyp.DiseaseGenesIdentifier  - Number of evolutions [1500]
[23.02.2015 12:11:09,658] [AWT-EventQueue-0] INFO  fyp.DiseaseGenesIdentifier  - Number of evolutions [1650]
[23.02.2015 12:11:17,785] [AWT-EventQueue-0] INFO  fyp.DiseaseGenesIdentifier  - Number of evolutions [1800]
[23.02.2015 12:11:22,144] [AWT-EventQueue-0] INFO  fyp.DiseaseGenesIdentifier  - Number of evolutions [1950]
[23.02.2015 12:11:26,091] [AWT-EventQueue-0] INFO  fyp.DiseaseGenesIdentifier  - Number of evolutions [2100]
[23.02.2015 12:11:30,490] [AWT-EventQueue-0] INFO  fyp.DiseaseGenesIdentifier  - Number of evolutions [2250]
[23.02.2015 12:11:39,472] [AWT-EventQueue-0] INFO  fyp.DiseaseGenesIdentifier  - Number of evolutions [2400]
[23.02.2015 12:11:44,099] [AWT-EventQueue-0] INFO  fyp.DiseaseGenesIdentifier  - Number of evolutions [2550]
[23.02.2015 12:11:48,076] [AWT-EventQueue-0] INFO  fyp.DiseaseGenesIdentifier  - Number of evolutions [2700]
[23.02.2015 12:11:54,631] [AWT-EventQueue-0] INFO  fyp.DiseaseGenesIdentifier  - Number of evolutions [2850]
[23.02.2015 12:12:03,379] [AWT-EventQueue-0] INFO  fyp.DiseaseGenesIdentifier  - Number of evolutions [3000]
[23.02.2015 12:12:10,230] [AWT-EventQueue-0] INFO  fyp.DiseaseGenesIdentifier  - Number of evolutions [3150]
[23.02.2015 12:12:16,659] [AWT-EventQueue-0] INFO  fyp.DiseaseGenesIdentifier  - Number of evolutions [3300]
[23.02.2015 12:12:22,436] [AWT-EventQueue-0] INFO  fyp.DiseaseGenesIdentifier  - Number of evolutions [3450]
[23.02.2015 12:12:32,098] [AWT-EventQueue-0] INFO  fyp.DiseaseGenesIdentifier  - Number of evolutions [3600]
[23.02.2015 12:12:42,118] [AWT-EventQueue-0] INFO  fyp.DiseaseGenesIdentifier  - Number of evolutions [3750]
[23.02.2015 12:12:49,226] [AWT-EventQueue-0] INFO  fyp.DiseaseGenesIdentifier  - Number of evolutions [3900]
[23.02.2015 12:12:55,601] [AWT-EventQueue-0] INFO  fyp.DiseaseGenesIdentifier  - Number of evolutions [4050]
[23.02.2015 12:13:03,276] [AWT-EventQueue-0] INFO  fyp.DiseaseGenesIdentifier  - Number of evolutions [4200]
[23.02.2015 12:13:09,369] [AWT-EventQueue-0] INFO  fyp.DiseaseGenesIdentifier  - Number of evolutions [4350]
[23.02.2015 12:13:15,518] [AWT-EventQueue-0] INFO  fyp.DiseaseGenesIdentifier  - Number of evolutions [4500]
[23.02.2015 12:13:20,398] [AWT-EventQueue-0] INFO  fyp.DiseaseGenesIdentifier  - Number of evolutions [4650]
[23.02.2015 12:13:24,798] [AWT-EventQueue-0] INFO  fyp.DiseaseGenesIdentifier  - Number of evolutions [4800]
[23.02.2015 12:13:30,105] [AWT-EventQueue-0] INFO  fyp.DiseaseGenesIdentifier  - Number of evolutions [4950]
[02.03.2015 19:50:51,347] [AWT-EventQueue-0] INFO  fyp.DiseaseGenesIdentifier  - The total score of the [666] genes is [74.63176531699924]
[02.03.2015 19:50:51,794] [AWT-EventQueue-0] INFO  fyp.DiseaseGenesIdentifier  - The optimal number of solutions needed is [25]
[02.03.2015 19:50:51,800] [AWT-EventQueue-0] INFO  fyp.DiseaseGenesIdentifier  - Number of evolutions [0]
[02.03.2015 19:51:00,790] [AWT-EventQueue-0] INFO  fyp.DiseaseGenesIdentifier  - Number of evolutions [150]
[02.03.2015 19:51:09,067] [AWT-EventQueue-0] INFO  fyp.DiseaseGenesIdentifier  - Number of evolutions [300]
[02.03.2015 19:51:18,689] [AWT-EventQueue-0] INFO  fyp.DiseaseGenesIdentifier  - Number of evolutions [450]
[02.03.2015 19:51:23,035] [AWT-EventQueue-0] INFO  fyp.DiseaseGenesIdentifier  - Number of evolutions [600]
[02.03.2015 19:51:27,410] [AWT-EventQueue-0] INFO  fyp.DiseaseGenesIdentifier  - Number of evolutions [750]
[02.03.2015 19:51:32,381] [AWT-EventQueue-0] INFO  fyp.DiseaseGenesIdentifier  - Number of evolutions [900]
[02.03.2015 19:51:37,339] [AWT-EventQueue-0] INFO  fyp.DiseaseGenesIdentifier  - Number of evolutions [1050]
[02.03.2015 19:51:41,736] [AWT-EventQueue-0] INFO  fyp.DiseaseGenesIdentifier  - Number of evolutions [1200]
[02.03.2015 19:51:46,276] [AWT-EventQueue-0] INFO  fyp.DiseaseGenesIdentifier  - Number of evolutions [1350]
[02.03.2015 19:51:50,686] [AWT-EventQueue-0] INFO  fyp.DiseaseGenesIdentifier  - Number of evolutions [1500]
[02.03.2015 19:51:54,950] [AWT-EventQueue-0] INFO  fyp.DiseaseGenesIdentifier  - Number of evolutions [1650]
[02.03.2015 19:52:01,828] [AWT-EventQueue-0] INFO  fyp.DiseaseGenesIdentifier  - Number of evolutions [1800]
[02.03.2015 19:52:08,318] [AWT-EventQueue-0] INFO  fyp.DiseaseGenesIdentifier  - Number of evolutions [1950]
[02.03.2015 19:52:15,099] [AWT-EventQueue-0] INFO  fyp.DiseaseGenesIdentifier  - Number of evolutions [2100]
[02.03.2015 19:52:20,505] [AWT-EventQueue-0] INFO  fyp.DiseaseGenesIdentifier  - Number of evolutions [2250]
[02.03.2015 19:52:24,613] [AWT-EventQueue-0] INFO  fyp.DiseaseGenesIdentifier  - Number of evolutions [2400]
[02.03.2015 19:52:33,654] [AWT-EventQueue-0] INFO  fyp.DiseaseGenesIdentifier  - Number of evolutions [2550]
[02.03.2015 19:52:39,262] [AWT-EventQueue-0] INFO  fyp.DiseaseGenesIdentifier  - Number of evolutions [2700]
[02.03.2015 19:52:45,517] [AWT-EventQueue-0] INFO  fyp.DiseaseGenesIdentifier  - Number of evolutions [2850]
[02.03.2015 19:52:50,828] [AWT-EventQueue-0] INFO  fyp.DiseaseGenesIdentifier  - Number of evolutions [3000]
[02.03.2015 19:52:57,509] [AWT-EventQueue-0] INFO  fyp.DiseaseGenesIdentifier  - Number of evolutions [3150]
[02.03.2015 19:53:02,550] [AWT-EventQueue-0] INFO  fyp.DiseaseGenesIdentifier  - Number of evolutions [3300]
[02.03.2015 19:53:09,424] [AWT-EventQueue-0] INFO  fyp.DiseaseGenesIdentifier  - Number of evolutions [3450]
[02.03.2015 19:53:18,067] [AWT-EventQueue-0] INFO  fyp.DiseaseGenesIdentifier  - Number of evolutions [3600]
[02.03.2015 19:53:22,803] [AWT-EventQueue-0] INFO  fyp.DiseaseGenesIdentifier  - Number of evolutions [3750]
[02.03.2015 19:53:33,331] [AWT-EventQueue-0] INFO  fyp.DiseaseGenesIdentifier  - Number of evolutions [3900]
[02.03.2015 19:53:39,664] [AWT-EventQueue-0] INFO  fyp.DiseaseGenesIdentifier  - Number of evolutions [4050]
[02.03.2015 19:53:49,314] [AWT-EventQueue-0] INFO  fyp.DiseaseGenesIdentifier  - Number of evolutions [4200]
[02.03.2015 19:53:58,609] [AWT-EventQueue-0] INFO  fyp.DiseaseGenesIdentifier  - Number of evolutions [4350]
[02.03.2015 19:54:04,364] [AWT-EventQueue-0] INFO  fyp.DiseaseGenesIdentifier  - Number of evolutions [4500]
[02.03.2015 19:54:08,495] [AWT-EventQueue-0] INFO  fyp.DiseaseGenesIdentifier  - Number of evolutions [4650]
[02.03.2015 19:54:17,035] [AWT-EventQueue-0] INFO  fyp.DiseaseGenesIdentifier  - Number of evolutions [4800]
[02.03.2015 19:54:26,762] [AWT-EventQueue-0] INFO  fyp.DiseaseGenesIdentifier  - Number of evolutions [4950]
[02.03.2015 20:15:03,818] [AWT-EventQueue-0] INFO  fyp.DiseaseGenesIdentifier  - The total score of the [666] genes is [74.63176531699924]
[02.03.2015 20:15:04,087] [AWT-EventQueue-0] INFO  fyp.DiseaseGenesIdentifier  - The optimal number of solutions needed is [25]
[02.03.2015 20:15:04,091] [AWT-EventQueue-0] INFO  fyp.DiseaseGenesIdentifier  - Number of evolutions [0]
[02.03.2015 20:15:11,823] [AWT-EventQueue-0] INFO  fyp.DiseaseGenesIdentifier  - Number of evolutions [150]
[02.03.2015 20:15:18,527] [AWT-EventQueue-0] INFO  fyp.DiseaseGenesIdentifier  - Number of evolutions [300]
[02.03.2015 20:15:25,845] [AWT-EventQueue-0] INFO  fyp.DiseaseGenesIdentifier  - Number of evolutions [450]
[02.03.2015 20:15:30,058] [AWT-EventQueue-0] INFO  fyp.DiseaseGenesIdentifier  - Number of evolutions [600]
[02.03.2015 20:15:37,666] [AWT-EventQueue-0] INFO  fyp.DiseaseGenesIdentifier  - Number of evolutions [750]
[02.03.2015 20:15:42,396] [AWT-EventQueue-0] INFO  fyp.DiseaseGenesIdentifier  - Number of evolutions [900]
[02.03.2015 20:15:47,128] [AWT-EventQueue-0] INFO  fyp.DiseaseGenesIdentifier  - Number of evolutions [1050]
[02.03.2015 20:15:55,154] [AWT-EventQueue-0] INFO  fyp.DiseaseGenesIdentifier  - Number of evolutions [1200]
[02.03.2015 20:16:04,906] [AWT-EventQueue-0] INFO  fyp.DiseaseGenesIdentifier  - Number of evolutions [1350]
[02.03.2015 20:16:14,525] [AWT-EventQueue-0] INFO  fyp.DiseaseGenesIdentifier  - Number of evolutions [1500]
[02.03.2015 20:16:18,464] [AWT-EventQueue-0] INFO  fyp.DiseaseGenesIdentifier  - Number of evolutions [1650]
[02.03.2015 20:16:26,208] [AWT-EventQueue-0] INFO  fyp.DiseaseGenesIdentifier  - Number of evolutions [1800]
[02.03.2015 20:16:36,146] [AWT-EventQueue-0] INFO  fyp.DiseaseGenesIdentifier  - Number of evolutions [1950]
[02.03.2015 20:16:45,705] [AWT-EventQueue-0] INFO  fyp.DiseaseGenesIdentifier  - Number of evolutions [2100]
[02.03.2015 20:16:54,012] [AWT-EventQueue-0] INFO  fyp.DiseaseGenesIdentifier  - Number of evolutions [2250]
[02.03.2015 20:17:03,245] [AWT-EventQueue-0] INFO  fyp.DiseaseGenesIdentifier  - Number of evolutions [2400]
[02.03.2015 20:17:11,788] [AWT-EventQueue-0] INFO  fyp.DiseaseGenesIdentifier  - Number of evolutions [2550]
[02.03.2015 20:17:15,873] [AWT-EventQueue-0] INFO  fyp.DiseaseGenesIdentifier  - Number of evolutions [2700]
[02.03.2015 20:17:23,909] [AWT-EventQueue-0] INFO  fyp.DiseaseGenesIdentifier  - Number of evolutions [2850]
[02.03.2015 20:17:32,366] [AWT-EventQueue-0] INFO  fyp.DiseaseGenesIdentifier  - Number of evolutions [3000]
[02.03.2015 20:17:36,718] [AWT-EventQueue-0] INFO  fyp.DiseaseGenesIdentifier  - Number of evolutions [3150]
[02.03.2015 20:17:44,763] [AWT-EventQueue-0] INFO  fyp.DiseaseGenesIdentifier  - Number of evolutions [3300]
[02.03.2015 20:17:49,066] [AWT-EventQueue-0] INFO  fyp.DiseaseGenesIdentifier  - Number of evolutions [3450]
[02.03.2015 20:17:53,474] [AWT-EventQueue-0] INFO  fyp.DiseaseGenesIdentifier  - Number of evolutions [3600]
[02.03.2015 20:18:00,670] [AWT-EventQueue-0] INFO  fyp.DiseaseGenesIdentifier  - Number of evolutions [3750]
[02.03.2015 20:18:09,994] [AWT-EventQueue-0] INFO  fyp.DiseaseGenesIdentifier  - Number of evolutions [3900]
[02.03.2015 20:18:18,582] [AWT-EventQueue-0] INFO  fyp.DiseaseGenesIdentifier  - Number of evolutions [4050]
[02.03.2015 20:18:22,994] [AWT-EventQueue-0] INFO  fyp.DiseaseGenesIdentifier  - Number of evolutions [4200]
[02.03.2015 20:18:26,968] [AWT-EventQueue-0] INFO  fyp.DiseaseGenesIdentifier  - Number of evolutions [4350]
[02.03.2015 20:18:35,397] [AWT-EventQueue-0] INFO  fyp.DiseaseGenesIdentifier  - Number of evolutions [4500]
[02.03.2015 20:18:39,008] [AWT-EventQueue-0] INFO  fyp.DiseaseGenesIdentifier  - Number of evolutions [4650]
[02.03.2015 20:18:42,520] [AWT-EventQueue-0] INFO  fyp.DiseaseGenesIdentifier  - Number of evolutions [4800]
[02.03.2015 20:18:49,343] [AWT-EventQueue-0] INFO  fyp.DiseaseGenesIdentifier  - Number of evolutions [4950]
[03.03.2015 17:12:15,696] [AWT-EventQueue-0] INFO  fyp.DiseaseGenesIdentifier  - The total score of the [666] genes is [74.63176531699924]
[03.03.2015 17:12:15,968] [AWT-EventQueue-0] INFO  fyp.DiseaseGenesIdentifier  - The optimal number of solutions needed is [25]
[03.03.2015 17:12:15,968] [AWT-EventQueue-0] INFO  fyp.DiseaseGenesIdentifier  - Number of evolutions [0]
[03.03.2015 17:12:25,825] [AWT-EventQueue-0] INFO  fyp.DiseaseGenesIdentifier  - Number of evolutions [150]
[03.03.2015 17:12:34,288] [AWT-EventQueue-0] INFO  fyp.DiseaseGenesIdentifier  - Number of evolutions [300]
[03.03.2015 17:12:43,223] [AWT-EventQueue-0] INFO  fyp.DiseaseGenesIdentifier  - Number of evolutions [450]
[03.03.2015 17:12:51,625] [AWT-EventQueue-0] INFO  fyp.DiseaseGenesIdentifier  - Number of evolutions [600]
[03.03.2015 17:13:01,981] [AWT-EventQueue-0] INFO  fyp.DiseaseGenesIdentifier  - Number of evolutions [750]
[03.03.2015 17:13:10,680] [AWT-EventQueue-0] INFO  fyp.DiseaseGenesIdentifier  - Number of evolutions [900]
[03.03.2015 17:13:19,025] [AWT-EventQueue-0] INFO  fyp.DiseaseGenesIdentifier  - Number of evolutions [1050]
[03.03.2015 17:13:27,132] [AWT-EventQueue-0] INFO  fyp.DiseaseGenesIdentifier  - Number of evolutions [1200]
[03.03.2015 17:13:35,260] [AWT-EventQueue-0] INFO  fyp.DiseaseGenesIdentifier  - Number of evolutions [1350]
[03.03.2015 17:13:44,486] [AWT-EventQueue-0] INFO  fyp.DiseaseGenesIdentifier  - Number of evolutions [1500]
[03.03.2015 17:13:54,274] [AWT-EventQueue-0] INFO  fyp.DiseaseGenesIdentifier  - Number of evolutions [1650]
[03.03.2015 17:14:03,153] [AWT-EventQueue-0] INFO  fyp.DiseaseGenesIdentifier  - Number of evolutions [1800]
[03.03.2015 17:14:12,011] [AWT-EventQueue-0] INFO  fyp.DiseaseGenesIdentifier  - Number of evolutions [1950]
[03.03.2015 17:14:20,681] [AWT-EventQueue-0] INFO  fyp.DiseaseGenesIdentifier  - Number of evolutions [2100]
[03.03.2015 17:14:26,648] [AWT-EventQueue-0] INFO  fyp.DiseaseGenesIdentifier  - Number of evolutions [2250]
[03.03.2015 17:14:30,296] [AWT-EventQueue-0] INFO  fyp.DiseaseGenesIdentifier  - Number of evolutions [2400]
[03.03.2015 17:14:33,835] [AWT-EventQueue-0] INFO  fyp.DiseaseGenesIdentifier  - Number of evolutions [2550]
[03.03.2015 17:14:37,485] [AWT-EventQueue-0] INFO  fyp.DiseaseGenesIdentifier  - Number of evolutions [2700]
[03.03.2015 17:14:41,094] [AWT-EventQueue-0] INFO  fyp.DiseaseGenesIdentifier  - Number of evolutions [2850]
[03.03.2015 17:14:44,864] [AWT-EventQueue-0] INFO  fyp.DiseaseGenesIdentifier  - Number of evolutions [3000]
[03.03.2015 17:14:48,481] [AWT-EventQueue-0] INFO  fyp.DiseaseGenesIdentifier  - Number of evolutions [3150]
[03.03.2015 17:14:52,080] [AWT-EventQueue-0] INFO  fyp.DiseaseGenesIdentifier  - Number of evolutions [3300]
[03.03.2015 17:14:55,599] [AWT-EventQueue-0] INFO  fyp.DiseaseGenesIdentifier  - Number of evolutions [3450]
[03.03.2015 17:15:04,180] [AWT-EventQueue-0] INFO  fyp.DiseaseGenesIdentifier  - Number of evolutions [3600]
[03.03.2015 17:15:07,888] [AWT-EventQueue-0] INFO  fyp.DiseaseGenesIdentifier  - Number of evolutions [3750]
[03.03.2015 17:15:11,671] [AWT-EventQueue-0] INFO  fyp.DiseaseGenesIdentifier  - Number of evolutions [3900]
[03.03.2015 17:15:15,300] [AWT-EventQueue-0] INFO  fyp.DiseaseGenesIdentifier  - Number of evolutions [4050]
[03.03.2015 17:15:18,758] [AWT-EventQueue-0] INFO  fyp.DiseaseGenesIdentifier  - Number of evolutions [4200]
[03.03.2015 17:15:22,520] [AWT-EventQueue-0] INFO  fyp.DiseaseGenesIdentifier  - Number of evolutions [4350]
[03.03.2015 17:15:31,252] [AWT-EventQueue-0] INFO  fyp.DiseaseGenesIdentifier  - Number of evolutions [4500]
[03.03.2015 17:15:40,360] [AWT-EventQueue-0] INFO  fyp.DiseaseGenesIdentifier  - Number of evolutions [4650]
[03.03.2015 17:15:50,503] [AWT-EventQueue-0] INFO  fyp.DiseaseGenesIdentifier  - Number of evolutions [4800]
[03.03.2015 17:15:59,852] [AWT-EventQueue-0] INFO  fyp.DiseaseGenesIdentifier  - Number of evolutions [4950]
[03.03.2015 17:21:25,514] [AWT-EventQueue-0] INFO  fyp.DiseaseGenesIdentifier  - The total score of the [666] genes is [74.63176531699924]
[03.03.2015 17:21:25,624] [AWT-EventQueue-0] INFO  fyp.DiseaseGenesIdentifier  - The optimal number of solutions needed is [25]
[03.03.2015 17:21:25,624] [AWT-EventQueue-0] INFO  fyp.DiseaseGenesIdentifier  - Number of evolutions [0]
[03.03.2015 17:26:38,739] [AWT-EventQueue-0] INFO  fyp.DiseaseGenesIdentifier  - The total score of the [666] genes is [74.63176531699924]
[03.03.2015 17:26:38,839] [AWT-EventQueue-0] INFO  fyp.DiseaseGenesIdentifier  - The optimal number of solutions needed is [25]
[03.03.2015 17:26:38,843] [AWT-EventQueue-0] INFO  fyp.DiseaseGenesIdentifier  - Number of evolutions [0]
